Command: /home/work/Desktop/simprisc/simv -ucli +UVM_CONFIG_DB_TRACE +UVM_PHASE_TRACE +UVM_OBJECTION_TRACE +UVM_RESOURCE_DB_TRACE +UVM_LOG_RECORD +UVM_VERDI_TRACE=UVM_AWARE -ucli2Proc -lca -l /home/work/Desktop/simprisc/verdiLog/sim.log
Warning-[LCA_FEATURES_ENABLED] Usage warning
  LCA features enabled by '-lca' argument on the command line.  For more 
  information regarding list of LCA features please refer to Chapter "LCA 
  features" in the VCS/VCS-MX Release Notes
Command line: /home/work/Desktop/simprisc/simv -ucli +UVM_CONFIG_DB_TRACE +UVM_PHASE_TRACE +UVM_OBJECTION_TRACE +UVM_RESOURCE_DB_TRACE +UVM_LOG_RECORD +UVM_VERDI_TRACE=UVM_AWARE -ucli2Proc -lca -l /home/work/Desktop/simprisc/verdiLog/sim.log
--- Stack trace follows:
Dumping VCS Annotated Stack:
#0  0x0000003a7ace16a3 in select () from /lib64/libc.so.6
#1  0x00007f36f80df486 in SNPSle_b02289328df49303f3b4519c267d5333d96dbee786bb4738d40b1e9a96418477 () from /home/work/synopsys/L-2016.06/linux64/lib/libvcsnew.so
#2  0x0000003a7b007aa1 in start_thread () from /lib64/libpthread.so.0
#3  0x0000003a7ace8c4d in clone () from /lib64/libc.so.6
#0  0x0000003a7acac8dd in waitpid () from /lib64/libc.so.6
#1  0x0000003a7ac3e4e9 in do_system () from /lib64/libc.so.6
#2  0x0000003a7ac3e820 in system () from /lib64/libc.so.6
#3  0x00007f36fcf294d5 in system () from /home/disk/H-2013.03-SP2/amd64/interfaces/libxa_cosim.so
#4  0x00007f36fae466f8 in SNPSle_10ee25eff68cd8461c9146fa1d0b35e87067f3c8015b313e639d2928478c79b3f673f99203bcf8be64600612100082236bffb2007f1e0ef9 () from /home/work/synopsys/L-2016.06/linux64/lib/liberrorinf.so
#5  0x00007f36fae47de5 in SNPSle_10ee25eff68cd8461c9146fa1d0b35e87067f3c8015b313efba706aab251478fa49e66610e453774633a6c152e7ef778f2202cda681f3d4e () from /home/work/synopsys/L-2016.06/linux64/lib/liberrorinf.so
#6  0x00007f36fae40f15 in SNPSle_d35ca1ff70d465c2b9b1a72eee90a506fdd009d3de3db1de () from /home/work/synopsys/L-2016.06/linux64/lib/liberrorinf.so
#7  0x00007f36f860e088 in SNPSle_64133461705005bb725549e2e6fa1b3f () from /home/work/synopsys/L-2016.06/linux64/lib/libvcsnew.so
#8  0x00007f36f84b7266 in SNPSle_82244d58c54c18c70d63edc9becab634 () from /home/work/synopsys/L-2016.06/linux64/lib/libvcsnew.so
#10 0x00007f36fabfb202 in mem_page_get_descr () from /home/work/synopsys/L-2016.06/linux64/lib/libsnpsmalloc.so
#11 0x00007f36fac03a2e in mem_free () from /home/work/synopsys/L-2016.06/linux64/lib/libsnpsmalloc.so
#12 0x00007f36fabee944 in snpsCheckFreeFunc () from /home/work/synopsys/L-2016.06/linux64/lib/libsnpsmalloc.so
#13 0x00007f36f831d727 in SNPSle_77e776236473f4bc83d28b2811172395 () from /home/work/synopsys/L-2016.06/linux64/lib/libvcsnew.so
#14 0x00007f36f831855f in SNPSle_4e2b4bf1677349c165275718f4085a72 () from /home/work/synopsys/L-2016.06/linux64/lib/libvcsnew.so
#15 0x00007f36f818ecc1 in SNPSle_e08561af70b15158c1effee38014f2e6 () from /home/work/synopsys/L-2016.06/linux64/lib/libvcsnew.so
#16 0x00007f36f818edce in SNPSle_6a600e65c1e59889d2167a3056e08869 () from /home/work/synopsys/L-2016.06/linux64/lib/libvcsnew.so
#17 0x00007f36f818ee24 in SNPSle_79019f86c02f3a7a4fc861b56b22e07a449f142e33a64a009cd88060dca82713b97bc310751f5b0c () from /home/work/synopsys/L-2016.06/linux64/lib/libvcsnew.so
#18 0x0000003a7b007aa1 in start_thread () from /lib64/libpthread.so.0
#19 0x0000003a7ace8c4d in clone () from /lib64/libc.so.6
#0  0x0000003a7acaccbd in nanosleep () from /lib64/libc.so.6
#1  0x0000003a7acacb30 in sleep () from /lib64/libc.so.6
#2  0x00007f36f80db83e in SNPSle_95ae9cc2e78cc668673c60b8d88c4908 () from /home/work/synopsys/L-2016.06/linux64/lib/libvcsnew.so
#3  0x00007f36f80db9c9 in SNPSle_92de4d0d4cf0d6931bc37e8d42a01d93 () from /home/work/synopsys/L-2016.06/linux64/lib/libvcsnew.so
#4  0x00007f36f80da22a in SNPSle_b76ef993ee82b3d58a5cadddbec8b67c () from /home/work/synopsys/L-2016.06/linux64/lib/libvcsnew.so
#5  0x00007f36f80da4d6 in SNPSle_f28f24b8c84ac8f6e02e0b03bcd33aa8 () from /home/work/synopsys/L-2016.06/linux64/lib/libvcsnew.so
#6  0x00007f36f80a39e6 in SNPSle_b02289328df49303de0a4a986839ba718c1b162de585ec41 () from /home/work/synopsys/L-2016.06/linux64/lib/libvcsnew.so
#7  0x00007f36f80a433f in SNPSle_b02289328df493035a8cfe7a2a96e3f1 () from /home/work/synopsys/L-2016.06/linux64/lib/libvcsnew.so
#8  0x00007f36f80a5fe0 in SNPSle_7309f02bf869c35a32837a6e487da0db () from /home/work/synopsys/L-2016.06/linux64/lib/libvcsnew.so
#9  0x00007f36f80a6adb in SNPSle_b02289328df493035a8cfe7a2a96e3f14356a2494eb82428 () from /home/work/synopsys/L-2016.06/linux64/lib/libvcsnew.so
#10 0x00007f36f80a7f1e in SNPSle_b02289328df493035a8cfe7a2a96e3f105a2510afcb822b0f2351f16fde66779 () from /home/work/synopsys/L-2016.06/linux64/lib/libvcsnew.so
#11 0x00007f36f80a87ac in SNPSle_ba11b1edbd04051f5bb81b1861cdf84a () from /home/work/synopsys/L-2016.06/linux64/lib/libvcsnew.so
#12 0x00007f36f8096bc4 in SNPSle_2e65c0794628fc5af60953149776c29b () from /home/work/synopsys/L-2016.06/linux64/lib/libvcsnew.so
#13 0x00007f36f808e1a3 in SNPSle_541f757be362289a7c9e5618c0ff28327846f8d3cc02839f () from /home/work/synopsys/L-2016.06/linux64/lib/libvcsnew.so
#14 0x00007f36f8088d5c in SNPSle_c0de1345d5ab80930e06dd2b68f214c3 () from /home/work/synopsys/L-2016.06/linux64/lib/libvcsnew.so
#15 0x00007f36f8088e6d in SNPSle_25cd5712eacded5feaee03dc3430943e () from /home/work/synopsys/L-2016.06/linux64/lib/libvcsnew.so
#16 0x00007f36f8626487 in SNPSle_490598bfebcc8e8183ad3550288b1f82 () from /home/work/synopsys/L-2016.06/linux64/lib/libvcsnew.so
#17 0x00007f36f8631553 in SNPSle_490598bfebcc8e81 () from /home/work/synopsys/L-2016.06/linux64/lib/libvcsnew.so
#18 0x000000000041c78c in ?? ()
#19 0x0000000000000000 in ?? ()
No context available
