version: (200506)

available memory: 64M bytes
used memory: 229376 bytes [need 224K bytes if disable swap]

used block: 7 [memory(7) file(0)]
                 [ 8K(4) 64K(3) { total 224K bytes } ]
overhead: (9522) bytes for (7) blocks [Average: (1360) bytes/block]

write  => 0(times) 0K(bytes) [0K bytes to file]
read   => 3(times) 17K(bytes) [4K bytes compressed data from file]
access => 485652(times) 3802M(bytes)
          [hit ratio: 99.9994%]

time: write(0) read(0)  unit: second

swap file directory: (/home/work/Desktop/simprisc/verdiLog)
used swap file number: (4)



swap file manager:
arrSize: (256)
idxCnt: (5)
closeHead: (1)
closeTail: (4)
openCnt: (4)
fid(4): fd(1073741826) fileName(/home/work/Desktop/simprisc/simv.daidir/kdb.elab++/work.lib++/top_th.sv#inc___vcs_unit__1__1#.tdc)
	size(3568) lastModTime(1602636764) curModTime(1602636764)
	mode(rb)	hot(0) cool(3) pos(0)
fid(3): fd(1073741825) fileName(/home/work/Desktop/simprisc/simv.daidir/kdb.elab++/work.lib++/defines.sv.tdc)
	size(2068) lastModTime(1602636764) curModTime(1602636764)
	mode(rb)	hot(4) cool(2) pos(0)
fid(2): fd(31) fileName(/home/work/Desktop/simprisc/verdiLog/_swap_0001#8323328#10422)
	size(0) lastModTime(0) curModTime(1602636811)
	mode(w+b)	hot(3) cool(1) pos(0)
fid(1): fd(1073741824) fileName(/home/work/Desktop/simprisc/simv.daidir/kdb.elab++/work.lib++/top_tb.sv.tdc)
	size(1681) lastModTime(1602636764) curModTime(1602636764)
	mode(rb)	hot(2) cool(0) pos(0)
fid(0): fd(0) fileName(NULL)
	mode(NULL)	hot(0) cool(0) pos(0)
==================================================
mySelf(12c948d0) pre(12c86210) next(0)
version(200506)
date(May 20 2016 01:21:05)
